[    0.000000] Initializing cgroup subsys cpuset
[    0.000000] Initializing cgroup subsys cpu
[    0.000000] Initializing cgroup subsys cpuacct
[    0.000000] Linux version 4.4.0-124-generic (buildd@lcy01-amd64-028) (gcc version 5.4.0 20160609 (Ubuntu 5.4.0-6ubuntu1~16.04.9) ) #148-Ubuntu SMP Wed May 2 13:00:18 UTC 2018 (Ubuntu 4.4.0-124.148-generic 4.4.117)
[    0.000000] Command line: BOOT_IMAGE=/boot/vmlinuz-4.4.0-124-generic root=LABEL=cloudimg-rootfs ro console=tty1 console=ttyS0
[    0.000000] KERNEL supported cpus:
[    0.000000]   Intel GenuineIntel
[    0.000000]   AMD AuthenticAMD
[    0.000000]   Centaur CentaurHauls
[    0.000000] x86/fpu: xstate_offset[2]:  576, xstate_sizes[2]:  256
[    0.000000] x86/fpu: Supporting XSAVE feature 0x01: 'x87 floating point registers'
[    0.000000] x86/fpu: Supporting XSAVE feature 0x02: 'SSE registers'
[    0.000000] x86/fpu: Supporting XSAVE feature 0x04: 'AVX registers'
[    0.000000] x86/fpu: Enabled xstate features 0x7, context size is 832 bytes, using 'standard' format.
[    0.000000] x86/fpu: Using 'lazy' FPU context switches.
[    0.000000] e820: BIOS-provided physical RAM map:
[    0.000000] BIOS-e820: [mem 0x0000000000000000-0x000000000009fbff] usable
[    0.000000] BIOS-e820: [mem 0x000000000009fc00-0x000000000009ffff] reserved
[    0.000000] BIOS-e820: [mem 0x00000000000f0000-0x00000000000fffff] reserved
[    0.000000] BIOS-e820: [mem 0x0000000000100000-0x000000007ffeffff] usable
[    0.000000] BIOS-e820: [mem 0x000000007fff0000-0x000000007fffffff] ACPI data
[    0.000000] BIOS-e820: [mem 0x00000000fec00000-0x00000000fec00fff] reserved
[    0.000000] BIOS-e820: [mem 0x00000000fee00000-0x00000000fee00fff] reserved
[    0.000000] BIOS-e820: [mem 0x00000000fffc0000-0x00000000ffffffff] reserved
[    0.000000] NX (Execute Disable) protection: active
[    0.000000] SMBIOS 2.5 present.
[    0.000000] Hypervisor detected: KVM
[    0.000000] e820: last_pfn = 0x7fff0 max_arch_pfn = 0x400000000
[    0.000000] MTRR: Disabled
[    0.000000] x86/PAT: MTRRs disabled, skipping PAT initialization too.
[    0.000000] CPU MTRRs all blank - virtualized system.
[    0.000000] x86/PAT: Configuration [0-7]: WB  WT  UC- UC  WB  WT  UC- UC  
[    0.000000] found SMP MP-table at [mem 0x0009fff0-0x0009ffff] mapped at [ffff88000009fff0]
[    0.000000] Scanning 1 areas for low memory corruption
[    0.000000] RAMDISK: [mem 0x36aa0000-0x37547fff]
[    0.000000] ACPI: Early table checksum verification disabled
[    0.000000] ACPI: RSDP 0x00000000000E0000 000024 (v02 VBOX  )
[    0.000000] ACPI: XSDT 0x000000007FFF0030 00003C (v01 VBOX   VBOXXSDT 00000001 ASL  00000061)
[    0.000000] ACPI: FACP 0x000000007FFF00F0 0000F4 (v04 VBOX   VBOXFACP 00000001 ASL  00000061)
[    0.000000] ACPI: DSDT 0x000000007FFF0470 0021FF (v02 VBOX   VBOXBIOS 00000002 INTL 20100528)
[    0.000000] ACPI: FACS 0x000000007FFF0200 000040
[    0.000000] ACPI: FACS 0x000000007FFF0200 000040
[    0.000000] ACPI: APIC 0x000000007FFF0240 000054 (v02 VBOX   VBOXAPIC 00000001 ASL  00000061)
[    0.000000] ACPI: SSDT 0x000000007FFF02A0 0001CC (v01 VBOX   VBOXCPUT 00000002 INTL 20100528)
[    0.000000] No NUMA configuration found
[    0.000000] Faking a node at [mem 0x0000000000000000-0x000000007ffeffff]
[    0.000000] NODE_DATA(0) allocated [mem 0x7ffeb000-0x7ffeffff]
[    0.000000] kvm-clock: Using msrs 4b564d01 and 4b564d00
[    0.000000] kvm-clock: cpu 0, msr 0:7ffe3001, primary cpu clock
[    0.000000] kvm-clock: using sched offset of 3113599044 cycles
[    0.000000] clocksource: kvm-clock: mask: 0xffffffffffffffff max_cycles: 0x1cd42e4dffb, max_idle_ns: 881590591483 ns
[    0.000000] Zone ranges:
[    0.000000]   DMA      [mem 0x0000000000001000-0x0000000000ffffff]
[    0.000000]   DMA32    [mem 0x0000000001000000-0x000000007ffeffff]
[    0.000000]   Normal   empty
[    0.000000]   Device   empty
[    0.000000] Movable zone start for each node
[    0.000000] Early memory node ranges
[    0.000000]   node   0: [mem 0x0000000000001000-0x000000000009efff]
[    0.000000]   node   0: [mem 0x0000000000100000-0x000000007ffeffff]
[    0.000000] Initmem setup node 0 [mem 0x0000000000001000-0x000000007ffeffff]
[    0.000000] ACPI: PM-Timer IO Port: 0x4008
[    0.000000] IOAPIC[0]: apic_id 1, version 32, address 0xfec00000, GSI 0-23
[    0.000000] ACPI: INT_SRC_OVR (bus 0 bus_irq 0 global_irq 2 dfl dfl)
[    0.000000] ACPI: INT_SRC_OVR (bus 0 bus_irq 9 global_irq 9 low level)
[    0.000000] Using ACPI (MADT) for SMP configuration information
[    0.000000] smpboot: Allowing 1 CPUs, 0 hotplug CPUs
[    0.000000] PM: Registered nosave memory: [mem 0x00000000-0x00000fff]
[    0.000000] PM: Registered nosave memory: [mem 0x0009f000-0x0009ffff]
[    0.000000] PM: Registered nosave memory: [mem 0x000a0000-0x000effff]
[    0.000000] PM: Registered nosave memory: [mem 0x000f0000-0x000fffff]
[    0.000000] e820: [mem 0x80000000-0xfebfffff] available for PCI devices
[    0.000000] Booting paravirtualized kernel on KVM
[    0.000000] clocksource: refined-jiffies: mask: 0xffffffff max_cycles: 0xffffffff, max_idle_ns: 7645519600211568 ns
[    0.000000] setup_percpu: NR_CPUS:512 nr_cpumask_bits:512 nr_cpu_ids:1 nr_node_ids:1
[    0.000000] PERCPU: Embedded 34 pages/cpu @ffff88007fc00000 s99544 r8192 d31528 u2097152
[    0.000000] PV qspinlock hash table entries: 256 (order: 0, 4096 bytes)
[    0.000000] Built 1 zonelists in Node order, mobility grouping on.  Total pages: 515960
[    0.000000] Policy zone: DMA32
[    0.000000] Kernel command line: BOOT_IMAGE=/boot/vmlinuz-4.4.0-124-generic root=LABEL=cloudimg-rootfs ro console=tty1 console=ttyS0
[    0.000000] PID hash table entries: 4096 (order: 3, 32768 bytes)
[    0.000000] Memory: 2033940K/2096696K available (8532K kernel code, 1313K rwdata, 3996K rodata, 1508K init, 1316K bss, 62756K reserved, 0K cma-reserved)
[    0.000000] SLUB: HWalign=64, Order=0-3, MinObjects=0, CPUs=1, Nodes=1
[    0.000000] Kernel/User page tables isolation: enabled
[    0.000000] Hierarchical RCU implementation.
[    0.000000] 	Build-time adjustment of leaf fanout to 64.
[    0.000000] 	RCU restricting CPUs from NR_CPUS=512 to nr_cpu_ids=1.
[    0.000000] RCU: Adjusting geometry for rcu_fanout_leaf=64, nr_cpu_ids=1
[    0.000000] NR_IRQS:33024 nr_irqs:256 16
[    0.000000] Console: colour VGA+ 80x25
[    0.000000] console [tty1] enabled
[    0.000000] console [ttyS0] enabled
[    0.000000] tsc: Detected 2808.034 MHz processor
[    0.327563] Calibrating delay loop (skipped) preset value.. 5616.06 BogoMIPS (lpj=11232136)
[    0.329112] pid_max: default: 32768 minimum: 301
[    0.329903] ACPI: Core revision 20150930
[    0.331527] ACPI: 2 ACPI AML tables successfully acquired and loaded
[    0.332673] Security Framework initialized
[    0.333430] Yama: becoming mindful.
[    0.334100] AppArmor: AppArmor initialized
[    0.335122] Dentry cache hash table entries: 262144 (order: 9, 2097152 bytes)
[    0.336539] Inode-cache hash table entries: 131072 (order: 8, 1048576 bytes)
[    0.338127] Mount-cache hash table entries: 4096 (order: 3, 32768 bytes)
[    0.339169] Mountpoint-cache hash table entries: 4096 (order: 3, 32768 bytes)
[    0.340405] Initializing cgroup subsys io
[    0.341161] Initializing cgroup subsys memory
[    0.341867] Initializing cgroup subsys devices
[    0.342691] Initializing cgroup subsys freezer
[    0.343480] Initializing cgroup subsys net_cls
[    0.345720] Initializing cgroup subsys perf_event
[    0.346542] Initializing cgroup subsys net_prio
[    0.347278] Initializing cgroup subsys hugetlb
[    0.348070] Initializing cgroup subsys pids
[    0.348880] CPU: Physical Processor ID: 0
[    0.349660] FEATURE SPEC_CTRL Not Present
[    0.351487] mce: CPU supports 0 MCE banks
[    0.352243] process: using mwait in idle threads
[    0.353027] Last level iTLB entries: 4KB 64, 2MB 8, 4MB 8
[    0.353969] Last level dTLB entries: 4KB 64, 2MB 0, 4MB 0, 1GB 4
[    0.354927] Spectre V2 mitigation: Mitigation: Full generic retpoline
[    0.362190] Spectre V2 mitigation: Speculation control IBPB not-supported IBRS not-supported
[    0.363376] Spectre V2 mitigation: Filling RSB on context switch
[    0.380420] Freeing SMP alternatives memory: 32K
[    0.388678] ftrace: allocating 32202 entries in 126 pages
[    0.465334] smpboot: APIC(0) Converting physical 0 to logical package 0
[    0.478887] smpboot: Max logical packages: 1
[    0.479859] x2apic enabled
[    0.480648] Switched APIC routing to physical x2apic.
[    0.482430] ..TIMER: vector=0x30 apic1=0 pin1=2 apic2=-1 pin2=-1
[    0.591091] smpboot: CPU0: Intel(R) Core(TM) i7-6600U CPU @ 2.60GHz (family: 0x6, model: 0x4e, stepping: 0x3)
[    0.593081] Performance Events: unsupported p6 CPU model 78 no PMU driver, software events only.
[    0.601987] KVM setup paravirtual spinlock
[    0.609662] x86: Booted up 1 node, 1 CPUs
[    0.624083] smpboot: Total of 1 processors activated (5616.06 BogoMIPS)
[    0.633570] devtmpfs: initialized
[    0.656437] evm: security.selinux
[    0.663612] evm: security.SMACK64
[    0.671871] evm: security.SMACK64EXEC
[    0.681907] evm: security.SMACK64TRANSMUTE
[    0.689445] evm: security.SMACK64MMAP
[    0.703972] evm: security.ima
[    0.718813] evm: security.capability
[    0.728609] clocksource: jiffies: mask: 0xffffffff max_cycles: 0xffffffff, max_idle_ns: 7645041785100000 ns
[    0.736833] futex hash table entries: 256 (order: 2, 16384 bytes)
[    0.756928] pinctrl core: initialized pinctrl subsystem
[    0.770961] RTC time:  8:01:01, date: 05/18/18
[    0.810575] NET: Registered protocol family 16
[    0.818843] cpuidle: using governor ladder
[    0.833989] cpuidle: using governor menu
[    0.840702] PCCT header not found.
[    0.854368] ACPI: bus type PCI registered
[    0.883485] acpiphp: ACPI Hot Plug PCI Controller Driver version: 0.5
[    0.890728] PCI: Using configuration type 1 for base access
[    0.892895] ACPI: Added _OSI(Module Device)
[    0.906586] ACPI: Added _OSI(Processor Device)
[    0.915014] ACPI: Added _OSI(3.0 _SCP Extensions)
[    0.923258] ACPI: Added _OSI(Processor Aggregator Device)
[    0.949321] ACPI: Executed 1 blocks of module-level executable AML code
[    0.977424] ACPI: Interpreter enabled
[    0.993416] ACPI: (supports S0 S5)
[    0.994160] ACPI: Using IOAPIC for interrupt routing
[    1.001392] PCI: Using host bridge windows from ACPI; if necessary, use "pci=nocrs" and report a bug
[    1.033133] ACPI: PCI Root Bridge [PCI0] (domain 0000 [bus 00-ff])
[    1.054044] acpi PNP0A03:00: _OSC: OS supports [ASPM ClockPM Segments MSI]
[    1.063021] acpi PNP0A03:00: _OSC: not requesting OS control; OS requires [ExtendedConfig ASPM ClockPM MSI]
[    1.064490] acpi PNP0A03:00: fail to add MMCONFIG information, can't access extended PCI configuration space under this bridge.
[    1.091232] PCI host bridge to bus 0000:00
[    1.091915] pci_bus 0000:00: root bus resource [io  0x0000-0x0cf7 window]
[    1.107434] pci_bus 0000:00: root bus resource [io  0x0d00-0xffff window]
[    1.150792] pci_bus 0000:00: root bus resource [mem 0x000a0000-0x000bffff window]
[    1.160153] pci_bus 0000:00: root bus resource [mem 0x80000000-0xfdffffff window]
[    1.161435] pci_bus 0000:00: root bus resource [bus 00-ff]
[    1.180335] pci 0000:00:01.1: legacy IDE quirk: reg 0x10: [io  0x01f0-0x01f7]
[    1.188691] pci 0000:00:01.1: legacy IDE quirk: reg 0x14: [io  0x03f6]
[    1.240550] pci 0000:00:01.1: legacy IDE quirk: reg 0x18: [io  0x0170-0x0177]
[    1.241692] pci 0000:00:01.1: legacy IDE quirk: reg 0x1c: [io  0x0376]
[    1.270424] pci 0000:00:07.0: quirk: [io  0x4000-0x403f] claimed by PIIX4 ACPI
[    1.278068] pci 0000:00:07.0: quirk: [io  0x4100-0x410f] claimed by PIIX4 SMB
[    1.292557] ACPI: PCI Interrupt Link [LNKA] (IRQs 5 9 10 *11)
[    1.294269] ACPI: PCI Interrupt Link [LNKB] (IRQs 5 9 *10 11)
[    1.295512] ACPI: PCI Interrupt Link [LNKC] (IRQs 5 *9 10 11)
[    1.296720] ACPI: PCI Interrupt Link [LNKD] (IRQs 5 9 10 *11)
[    1.297973] ACPI: Enabled 2 GPEs in block 00 to 07
[    1.300277] vgaarb: setting as boot device: PCI:0000:00:02.0
[    1.302606] vgaarb: device added: PCI:0000:00:02.0,decodes=io+mem,owns=io+mem,locks=none
[    1.303891] vgaarb: loaded
[    1.304402] vgaarb: bridge control possible 0000:00:02.0
[    1.313078] SCSI subsystem initialized
[    1.314117] ACPI: bus type USB registered
[    1.315059] usbcore: registered new interface driver usbfs
[    1.316277] usbcore: registered new interface driver hub
[    1.317434] usbcore: registered new device driver usb
[    1.318685] PCI: Using ACPI for IRQ routing
[    1.320114] NetLabel: Initializing
[    1.321046] NetLabel:  domain hash size = 128
[    1.327393] NetLabel:  protocols = UNLABELED CIPSOv4
[    1.328520] NetLabel:  unlabeled traffic allowed by default
[    1.329811] amd_nb: Cannot enumerate AMD northbridges
[    1.330976] clocksource: Switched to clocksource kvm-clock
[    1.339682] AppArmor: AppArmor Filesystem Enabled
[    1.340935] pnp: PnP ACPI init
[    1.342461] pnp: PnP ACPI: found 3 devices
[    1.348944] clocksource: acpi_pm: mask: 0xffffff max_cycles: 0xffffff, max_idle_ns: 2085701024 ns
[    1.350522] NET: Registered protocol family 2
[    1.351359] TCP established hash table entries: 16384 (order: 5, 131072 bytes)
[    1.352631] TCP bind hash table entries: 16384 (order: 6, 262144 bytes)
[    1.360610] TCP: Hash tables configured (established 16384 bind 16384)
[    1.361657] UDP hash table entries: 1024 (order: 3, 32768 bytes)
[    1.385750] UDP-Lite hash table entries: 1024 (order: 3, 32768 bytes)
[    1.392598] NET: Registered protocol family 1
[    1.393486] pci 0000:00:00.0: Limiting direct PCI/PCI transfers
[    1.425994] pci 0000:00:01.0: Activating ISA DMA hang workarounds
[    1.435672] Unpacking initramfs...
[    3.329399] Freeing initrd memory: 10912K
[    3.331852] platform rtc_cmos: registered platform RTC device (no PNP device found)
[    3.333288] Scanning for low memory corruption every 60 seconds
[    3.347207] audit: initializing netlink subsys (disabled)
[    3.348090] audit: type=2000 audit(1526630468.265:1): initialized
[    3.364729] Initialise system trusted keyring
[    3.373633] HugeTLB registered 2 MB page size, pre-allocated 0 pages
[    3.390438] zbud: loaded
[    3.391334] VFS: Disk quotas dquot_6.6.0
[    3.429760] VFS: Dquot-cache hash table entries: 512 (order 0, 4096 bytes)
[    3.430933] squashfs: version 4.0 (2009/01/31) Phillip Lougher
[    3.431987] fuse init (API version 7.23)
[    3.432716] Key type big_key registered
[    3.433371] Allocating IMA MOK and blacklist keyrings.
[    3.434284] Key type asymmetric registered
[    3.434942] Asymmetric key parser 'x509' registered
[    3.437092] Block layer SCSI generic (bsg) driver version 0.4 loaded (major 249)
[    3.442243] io scheduler noop registered
[    3.443147] io scheduler deadline registered (default)
[    3.444394] io scheduler cfq registered
[    3.445352] pci_hotplug: PCI Hot Plug PCI Core version: 0.5
[    3.446548] pciehp: PCI Express Hot Plug Controller Driver version: 0.4
[    3.449154] ACPI: AC Adapter [AC] (on-line)
[    3.450249] input: Power Button as /devices/LNXSYSTM:00/LNXPWRBN:00/input/input0
[    3.451807] ACPI: Power Button [PWRF]
[    3.452590] input: Sleep Button as /devices/LNXSYSTM:00/LNXSLPBN:00/input/input1
[    3.453960] ACPI: Sleep Button [SLPF]
[    3.455407] ACPI: Battery Slot [BAT0] (battery present)
[    3.479362] GHES: HEST is not enabled!
[    3.480275] Serial: 8250/16550 driver, 32 ports, IRQ sharing enabled
[    3.503448] 00:02: ttyS0 at I/O 0x3f8 (irq = 4, base_baud = 115200) is a 16550A
[    3.505861] Linux agpgart interface v0.103
[    3.507599] loop: module loaded
[    3.526182] scsi host0: ata_piix
[    3.549106] scsi host1: ata_piix
[    3.549803] ata1: PATA max UDMA/33 cmd 0x1f0 ctl 0x3f6 bmdma 0xd000 irq 14
[    3.550853] ata2: PATA max UDMA/33 cmd 0x170 ctl 0x376 bmdma 0xd008 irq 15
[    3.552924] libphy: Fixed MDIO Bus: probed
[    3.561486] tun: Universal TUN/TAP device driver, 1.6
[    3.584200] tun: (C) 1999-2004 Max Krasnyansky <maxk@qualcomm.com>
[    3.592248] PPP generic driver version 2.4.2
[    3.593132] ehci_hcd: USB 2.0 'Enhanced' Host Controller (EHCI) Driver
[    3.594207] ehci-pci: EHCI PCI platform driver
[    3.595007] ehci-platform: EHCI generic platform driver
[    3.595914] ohci_hcd: USB 1.1 'Open' Host Controller (OHCI) Driver
[    3.599452] ohci-pci: OHCI PCI platform driver
[    3.601864] ohci-platform: OHCI generic platform driver
[    3.602862] uhci_hcd: USB Universal Host Controller Interface driver
[    3.603993] i8042: PNP: PS/2 Controller [PNP0303:PS2K,PNP0f03:PS2M] at 0x60,0x64 irq 1,12
[    3.605787] serio: i8042 KBD port at 0x60,0x64 irq 1
[    3.606742] serio: i8042 AUX port at 0x60,0x64 irq 12
[    3.607748] mousedev: PS/2 mouse device common for all mice
[    3.618669] input: AT Translated Set 2 keyboard as /devices/platform/i8042/serio0/input/input2
[    3.626285] rtc_cmos rtc_cmos: rtc core: registered rtc_cmos as rtc0
[    3.627396] rtc_cmos rtc_cmos: alarms up to one day, 114 bytes nvram
[    3.628488] i2c /dev entries driver
[    3.629253] device-mapper: uevent: version 1.0.3
[    3.630128] device-mapper: ioctl: 4.34.0-ioctl (2015-10-28) initialised: dm-devel@redhat.com
[    3.631940] ledtrig-cpu: registered to indicate activity on CPUs
[    3.633180] NET: Registered protocol family 10
[    3.634105] NET: Registered protocol family 17
[    3.634890] Key type dns_resolver registered
[    3.635815] registered taskstats version 1
[    3.636595] Loading compiled-in X.509 certificates
[    3.637941] Loaded X.509 cert 'Build time autogenerated kernel key: 97a7db5071cab428e7f67f96f51ed8d32b3fc527'
[    3.639671] zswap: loaded using pool lzo/zbud
[    3.641594] Key type trusted registered
[    3.644103] Key type encrypted registered
[    3.644832] AppArmor: AppArmor sha1 policy hashing enabled
[    3.645787] ima: No TPM chip found, activating TPM-bypass!
[    3.663058] evm: HMAC attrs: 0x1
[    3.663854]   Magic number: 2:155:18
[    3.664633] rtc_cmos rtc_cmos: setting system clock to 2018-05-18 08:01:04 UTC (1526630464)
[    3.666148] BIOS EDD facility v0.16 2004-Jun-25, 0 devices found
[    3.667238] EDD information not available.
[    3.708149] Freeing unused kernel memory: 1508K
[    3.740878] Write protecting the kernel read-only data: 14336k
[    3.790899] Freeing unused kernel memory: 1696K
[    3.792056] Freeing unused kernel memory: 100K
Loading, please [    3.870807] random: udevadm: uninitialized urandom read (16 bytes read, 3 bits of entropy available)
wait...
startin[    3.881625] random: systemd-udevd: uninitialized urandom read (16 bytes read, 3 bits of entropy available)
g version 229
[    3.892916] random: systemd-udevd: uninitialized urandom read (16 bytes read, 3 bits of entropy available)
[    3.894624] random: systemd-udevd: uninitialized urandom read (16 bytes read, 3 bits of entropy available)
[    3.903940] random: udevadm: uninitialized urandom read (16 bytes read, 3 bits of entropy available)
[    3.914962] random: systemd-udevd: uninitialized urandom read (16 bytes read, 3 bits of entropy available)
[    3.928315] random: systemd-udevd: uninitialized urandom read (16 bytes read, 3 bits of entropy available)
[    3.964261] random: udevadm: uninitialized urandom read (16 bytes read, 3 bits of entropy available)
[    3.972190] random: udevadm: uninitialized urandom read (16 bytes read, 3 bits of entropy available)
[    3.989632] random: udevadm: uninitialized urandom read (16 bytes read, 3 bits of entropy available)
[    4.046441] e1000: Intel(R) PRO/1000 Network Driver - version 7.3.21-k8-NAPI
[    4.054939] e1000: Copyright (c) 1999-2006 Intel Corporation.
[    4.066333] Fusion MPT base driver 3.04.20
[    4.067196] Copyright (c) 1999-2008 LSI Corporation
[    4.080768] Fusion MPT SPI Host driver 3.04.20
[    4.109385] AVX2 version of gcm_enc/dec engaged.
[    4.110467] AES CTR mode by8 optimization enabled
[    4.130107] mptbase: ioc0: Initiating bringup
[    4.195218] ioc0: LSI53C1030 A0: Capabilities={Initiator}
[    4.280924] input: ImExPS/2 Generic Explorer Mouse as /devices/platform/i8042/serio1/input/input4
[    4.331267] tsc: Refined TSC clocksource calibration: 2808.183 MHz
[    4.369323] clocksource: tsc: mask: 0xffffffffffffffff max_cycles: 0x287a72bce2e, max_idle_ns: 440795251417 ns
[    4.564365] scsi host2: ioc0: LSI53C1030 A0, FwRev=00000000h, Ports=1, MaxQ=256, IRQ=20
[    4.679482] scsi 2:0:0:0: Direct-Access     VBOX     HARDDISK         1.0  PQ: 0 ANSI: 5
[    4.690817] scsi target2:0:0: Beginning Domain Validation
[    4.694007] scsi target2:0:0: Domain Validation skipping write tests
[    4.793302] scsi target2:0:0: Ending Domain Validation
[    4.794284] scsi target2:0:0: asynchronous
[    4.795264] scsi 2:0:1:0: Direct-Access     VBOX     HARDDISK         1.0  PQ: 0 ANSI: 5
[    4.813668] scsi target2:0:1: Beginning Domain Validation
[    4.884053] scsi target2:0:1: Domain Validation skipping write tests
[    4.898412] scsi target2:0:1: Ending Domain Validation
[    4.932017] scsi target2:0:1: asynchronous
[    5.082749] sd 2:0:0:0: Attached scsi generic sg0 type 0
[    5.083807] sd 2:0:0:0: [sda] 20971520 512-byte logical blocks: (10.7 GB/10.0 GiB)
[    5.101205] sd 2:0:1:0: Attached scsi generic sg1 type 0
[    5.114350] sd 2:0:1:0: [sdb] 20480 512-byte logical blocks: (10.5 MB/10.0 MiB)
[    5.126442] sd 2:0:1:0: [sdb] Write Protect is off
[    5.147675] sd 2:0:1:0: [sdb] Incomplete mode parameter data
[    5.148635] sd 2:0:1:0: [sdb] Assuming drive cache: write through
[    5.149646] sd 2:0:0:0: [sda] Write Protect is off
[    5.162802] sd 2:0:0:0: [sda] Incomplete mode parameter data
[    5.163798] sd 2:0:0:0: [sda] Assuming drive cache: write through
[    5.170238]  sda: sda1
[    5.181119] sd 2:0:1:0: [sdb] Attached SCSI disk
[    5.182361] sd 2:0:0:0: [sda] Attached SCSI disk
[    5.247277] e1000 0000:00:03.0 eth0: (PCI:33MHz:32-bit) 02:ee:24:bb:8a:f6
[    5.288115] e1000 0000:00:03.0 eth0: Intel(R) PRO/1000 Network Connection
[    5.727332] e1000 0000:00:08.0 eth1: (PCI:33MHz:32-bit) 08:00:27:25:bf:61
[    5.728490] e1000 0000:00:08.0 eth1: Intel(R) PRO/1000 Network Connection
[    5.730532] e1000 0000:00:08.0 enp0s8: renamed from eth1
[    5.732636] e1000 0000:00:03.0 enp0s3: renamed from eth0
Begin: Loading e[    6.999520] md: linear personality registered for level -1
ssential drivers ... [    7.011030] md: multipath personality registered for level -4
[    7.053265] md: raid0 personality registered for level 0
[    7.082289] md: raid1 personality registered for level 1
[    7.159496] raid6: sse2x1   gen() 10732 MB/s
[    7.255490] raid6: sse2x1   xor()  8069 MB/s
[    7.326996] raid6: sse2x2   gen() 13174 MB/s
[    7.407487] raid6: sse2x2   xor()  9050 MB/s
[    7.491441] raid6: sse2x4   gen() 15005 MB/s
[    7.559475] raid6: sse2x4   xor()  9999 MB/s
[    7.631436] raid6: avx2x1   gen() 20406 MB/s
[    7.699466] raid6: avx2x2   gen() 24396 MB/s
[    7.767060] raid6: avx2x4   gen() 24875 MB/s
[    7.767899] raid6: using algorithm avx2x4 gen() 24875 MB/s
[    7.768718] raid6: using avx2x2 recovery algorithm
[    7.771308] xor: automatically using best checksumming function:
[    7.811436]    avx       : 17546.000 MB/sec
[    7.814099] async_tx: api initialized (async)
[    7.825111] md: raid6 personality registered for level 6
[    7.826187] md: raid5 personality registered for level 5
[    7.827080] md: raid4 personality registered for level 4
[    7.832580] md: raid10 personality registered for level 10
done.
Begin: Running /scripts/init-premount ... done.
Begin: Mounting root file system ... Begin: Running /scripts/local-top ... done.
Begin: Running /scripts/local-premount ... [    7.909451] Btrfs loaded
Scanning for Btrfs filesystems
done.
Warning: fsck not present, so skipping root file system
[    7.936803] EXT4-fs (sda1): mounted filesystem with ordered data mode. Opts: (null)
done.
Begin: Running /scripts/local-bottom ... done.
Begin: Running /scripts/init-bottom ... done.
[    8.018389] systemd[1]: systemd 229 running in system mode. (+PAM +AUDIT +SELINUX +IMA +APPARMOR +SMACK +SYSVINIT +UTMP +LIBCRYPTSETUP +GCRYPT +GNUTLS +ACL +XZ -LZ4 +SECCOMP +BLKID +ELFUTILS +KMOD -IDN)
[    8.021354] systemd[1]: Detected virtualization oracle.
[    8.022299] systemd[1]: Detected architecture x86-64.

Welcome to [1mUbuntu 16.04.4 LTS[0m!

[    8.025624] systemd[1]: Set hostname to <ubuntu-xenial>.
[    8.129930] systemd[1]: Created slice User and Session Slice.
[[0;32m  OK  [0m] Created slice User and Session Slice.
[    8.132300] systemd[1]: Set up automount Arbitrary Executable File Formats File System Automount Point.
[[0;32m  OK  [0m] Set up automount Arbitrary Executab...ats File System Automount Point.
[    8.155712] systemd[1]: Listening on Journal Audit Socket.
[[0;32m  OK  [0m] Listening on Journal Audit Socket.
[    8.166267] systemd[1]: Listening on /dev/initctl Compatibility Named Pipe.
[[0;32m  OK  [0m] Listening on /dev/initctl Compatibility Named Pipe.
[    8.168402] systemd[1]: Started Forward Password Requests to Wall Directory Watch.
[[0;32m  OK  [0m] Started Forward Password Requests to Wall Directory Watch.
[    8.170799] systemd[1]: Listening on Journal Socket.
[[0;32m  OK  [0m] Listening on Journal Socket.
[    8.232858] systemd[1]: Reached target Encrypted Volumes.
[[0;32m  OK  [0m] Reached target Encrypted Volumes.
[    8.346483] systemd[1]: Listening on udev Kernel Socket.
[[0;32m  OK  [0m] Listening on udev Kernel Socket.
[    8.348440] systemd[1]: Started Trigger resolvconf update for networkd DNS.
[[0;32m  OK  [0m] Started Trigger resolvconf update for networkd DNS.
[    8.395304] systemd[1]: Created slice System Slice.
[[0;32m  OK  [0m] Created slice System Slice.
[    8.423192] systemd[1]: Created slice system-serial\x2dgetty.slice.
[[0;32m  OK  [0m] Created slice system-serial\x2dgetty.slice.
[    8.434322] systemd[1]: Reached target Slices.
[[0;32m  OK  [0m] Reached target Slices.
[    8.440629] systemd[1]: Starting Nameserver information manager...
         Starting Nameserver information manager...
[    8.504754] systemd[1]: Mounting Huge Pages File System...
         Mounting Huge Pages File System...
[    8.554224] systemd[1]: Listening on Journal Socket (/dev/log).
[[0;32m  OK  [0m] Listening on Journal Socket (/dev/log).
[    8.624880] systemd[1]: Mounting POSIX Message Queue File System...
         Mounting POSIX Message Queue File System...
[    8.719237] systemd[1]: Reached target User and Group Name Lookups.
[[0;32m  OK  [0m] Reached target User and Group Name Lookups.
[    8.781804] systemd[1]: Listening on Syslog Socket.
[[0;32m  OK  [0m] Listening on Syslog Socket.
[    8.796268] systemd[1]: Starting Journal Service...
         Starting Journal Service...
[    8.798574] systemd[1]: Listening on LVM2 poll daemon socket.
[[0;32m  OK  [0m] Listening on LVM2 poll daemon socket.
[    8.804895] systemd[1]: Starting Load Kernel Modules...
         Starting Load Kernel Modules...
[    8.808589] systemd[1]: Starting Set console keymap...
         Starting Set console keymap...
[    8.817745] systemd[1]: Starting Create list of required static device nodes for the current kernel...
         Starting Create list of required st... nodes for the current kernel...
[    8.828259] systemd[1]: Starting Remount Root and Kernel File Systems...
         Starting Remount Root and Kernel File Systems...
[    8.835580] Loading iSCSI transport class v2.0-870.
[    8.838290] systemd[1]: Mounting Debug File System...
[    8.851542] EXT4-fs (sda1): re-mounted. Opts: (null)
         Mounting Debug File System...
[    8.857293] systemd[1]: Listening on udev Control Socket.
[[0;32m  OK  [0m] Listening on udev Control Socket.
[    8.863228] systemd[1]: Listening on Device-mapper event daemon FIFOs.
[[0;32m  OK  [0m] Listening on Device-mapper event daemon FIFOs.
[    8.867325] random: nonblocking pool is initialized
[    8.868249] systemd[1]: Reached target System Time Synchronized.
[[0;32m  OK  [0m] Reached target System Time Synchronized.
[    8.875902] systemd[1]: Starting Uncomplicated firewall...
         Starting Uncomplicated firewall...
[    8.878462] systemd[1]: Reached target Swap.
[[0;32m  OK  [0m] Reached target Swap.
[    8.882948] systemd[1]: Listening on LVM2 metadata daemon socket.
[[0;32m  OK  [0m] Listening on LVM2 metadata daemon socket.
[    8.886121] iscsi: registered transport (tcp)
[    8.888574] systemd[1]: Starting Monitoring of LVM2 mirrors, snapshots etc. using dmeventd or progress polling...
         Starting Monitoring of LVM2 mirrors... dmeventd or progress polling...
[    8.922927] systemd[1]: Mounted POSIX Message Queue File System.
[[0;32m  OK  [0m] Mounted POSIX Message Queue File System.
[    8.983027] iscsi: registered transport (iser)
[    8.990519] systemd[1]: Mounted Debug File System.
[[0;32m  OK  [0m] Mounted Debug File System.
[    9.006998] systemd[1]: Mounted Huge Pages File System.
[[0;32m  OK  [0m] Mounted Huge Pages File System.
[    9.009045] systemd[1]: Started Journal Service.
[[0;32m  OK  [0m] Started Journal Service.
[[0;32m  OK  [0m] Started Load Kernel Modules.
[[0;32m  OK  [0m] Started Set console keymap.
[[0;32m  OK  [0m] Started Create list of required sta...ce nodes for the current kernel.
[[0;32m  OK  [0m] Started Remount Root and Kernel File Systems.
[[0;32m  OK  [0m] Started Uncomplicated firewall.
[[0;32m  OK  [0m] Started Nameserver information manager.
[[0;32m  OK  [0m] Started LVM2 metadata daemon.
         Starting udev Coldplug all Devices...
         Starting Initial cloud-init job (pre-networking)...
         Starting Load/Save Random Seed...
         Starting Create Static Device Nodes in /dev...
         Starting Apply Kernel Variables...
         Mounting FUSE Control File System...
         Starting Flush Journal to Persistent Storage...
[[0;32m  OK  [0m] Mounted FUSE Control File System.
[[0;32m  OK  [0m] Started Load/Save Random Seed.
[[0;32m  OK  [0m] Started Create Static Device Nodes in /dev.
[[0;32m  OK  [0m] Started Apply Kernel Variables.
[[0;32m  OK  [0m] Started udev Coldplug all Devices.
[[0;32m  OK  [0m] Started Flush Journal to Persistent Storage.
         Starting udev Kernel Device Manager...
[[0;32m  OK  [0m] Started udev Kernel Device Manager.
[[0;32m  OK  [0m] Started Dispatch Password Requests to Console Directory Watch.
[[0;32m  OK  [0m] Started Monitoring of LVM2 mirrors,...ng dmeventd or progress polling.
[[0;32m  OK  [0m] Reached target Local File Systems (Pre).
[[0;32m  OK  [0m] Reached target Local File Systems.
         Starting Create Volatile Files and Directories...
         Starting Tell Plymouth To Write Out Runtime Data...
         Starting LSB: AppArmor initialization...
         Starting Set console font and keymap...
[[0;32m  OK  [0m] Started Create Volatile Files and Directories.
[[0;32m  OK  [0m] Started Tell Plymouth To Write Out Runtime Data.
         Starting Update UTMP about System Boot/Shutdown...
[[0;32m  OK  [0m] Started Update UTMP about System Boot/Shutdown.
[[0;32m  OK  [0m] Started LSB: AppArmor initialization.
[[0;32m  OK  [0m] Found device /dev/ttyS0.
[[0;32m  OK  [0m] Found device 82540EM Gigabit Ethern...r (PRO/1000 MT Desktop Adapter).
[[0;32m  OK  [0m] Found device 82540EM Gigabit Ethern...r (PRO/1000 MT Desktop Adapter).
[[0;32m  OK  [0m] Listening on Load/Save RF Kill Switch Status /dev/rfkill Watch.
[[0;32m  OK  [0m] Started Set console font and keymap.
[[0;32m  OK  [0m] Created slice system-getty.slice.
[    9.651793] cloud-init[444]: Cloud-init v. 18.2 running 'init-local' at Fri, 18 May 2018 08:01:10 +0000. Up 9.14 seconds.
[[0;32m  OK  [0m] Started Initial cloud-init job (pre-networking).
[[0;32m  OK  [0m] Reached target Network (Pre).
         Starting Raise network interfaces...
[[0;32m  OK  [0m] Started ifup for enp0s3.
[[0;32m  OK  [0m] Started ifup for enp0s8.
[[0;32m  OK  [0m] Started Raise network interfaces.
[[0;32m  OK  [0m] Reached target Network.
         Starting Initial cloud-init job (metadata service crawler)...
[   11.143467] cloud-init[1058]: Cloud-init v. 18.2 running 'init' at Fri, 18 May 2018 08:01:12 +0000. Up 10.87 seconds.
[   11.145357] cloud-init[1058]: ci-info: ++++++++++++++++++++++++++++++++++++++Net device info++++++++++++++++++++++++++++++++++++++
[   11.148536] cloud-init[1058]: ci-info: +--------+------+-----------------------------+---------------+-------+-------------------+
[   11.152648] cloud-init[1058]: ci-info: | Device |  Up  |           Address           |      Mask     | Scope |     Hw-Address    |
[   11.156620] cloud-init[1058]: ci-info: +--------+------+-----------------------------+---------------+-------+-------------------+
[   11.160672] cloud-init[1058]: ci-info: | enp0s3 | True |          10.0.2.15          | 255.255.255.0 |   .   | 02:ee:24:bb:8a:f6 |
[   11.167754] cloud-init[1058]: ci-info: | enp0s3 | True |  fe80::ee:24ff:febb:8af6/64 |       .       |  link | 02:ee:24:bb:8a:f6 |
[   11.169623] cloud-init[1058]: ci-info: | enp0s8 | True |        192.168.10.101       | 255.255.255.0 |   .   | 08:00:27:25:bf:61 |
[   11.176720] cloud-init[1058]: ci-info: | enp0s8 | True | fe80::a00:27ff:fe25:bf61/64 |       .       |  link | 08:00:27:25:bf:61 |
[   11.187425] cloud-init[1058]: ci-info: |   lo   | True |          127.0.0.1          |   255.0.0.0   |   .   |         .         |
[   11.245387] cloud-init[1058]: [[0;32m  OK  [0m] Started Initial cloud-init job (metadata service crawler).
[[0;32m  OK  [0m] Reached target Cloud-config availability.
[[0;32m  OK  [0m] Reached target Network is Online.
ci-info: |   lo   | True |           ::1/128           |       .       |  host |         .         |
[   11.300439] cloud-init[1058]: ci-info: +--------+------+-----------------------------+---------------+-------+-------------------+
         Starting iSCSI initiator daemon (iscsid)...
[[0;32m  OK  [0m] Reached target System Initialization.
         Starting Docker Socket for the API.
[   11.304841] cloud-init[1058]: ci-info: ++++++++++++++++++++++++++++Route IPv4 info++++++++++++++++++++++++++++
[[0;32m  OK  [0m[   11.336168] cloud-init[1058]: ci-info: +-------+--------------+----------+---------------+-----------+-------+
[   11.337531] cloud-init[1058]: ci-info: | Route | Destination  | Gateway  |    Genmask    | Interface | Flags |
[   11.339003] cloud-init[1058]: ci-info: +-------+--------------+----------+---------------+-----------+-------+] Listening on UUID daemon activation socket.
[[0;32m  OK  [0m] Listening on D-Bus System Message Bus Socket.

[   11.343508] cloud-init[1058]: ci-info: |   0   |   0.0.0.0    | 10.0.2.2 |    0.0.0.0    |   enp0s3  |   UG  |
[   11.345637] [[0;32m  OK  [0m] Started Daily apt download activities.
         Starting Socket activation for snappy daemon.
[[0;32m  OK  [0m] Listening on ACPID Listen Socket.
cloud-init[1058]: ci-info: |   1   |   10.0.2.0   | 0.0.0.0  | 255.255.255.0 |   enp0s3  |   U   |
         Starting LXD - unix socket.
[   11.367209] cloud-init[1058]: ci-info: |   2   | 192.168.10.0 | 0.0.0.0  | 255.255.255.0 |   enp0s8  |   U   |[[0;32m  OK  [0m] Started Daily Cleanup of Temporary Directories.

[   11.373009] cloud-init[1058]: ci-info: +-------+--------------+----------+---------------+-----------+-------+
[[0;32m  OK  [0m] Started ACPI Events Check.
[[0;32m  OK  [0m] Reached target Paths.
[[0;32m  OK  [0m] Started Daily apt upgrade and clean activities.
[[0;32m  OK  [0m] Reached target Timers.
[[0;32m  OK  [0m] Listening on Docker Socket for the API.
[[0;32m  OK  [0m] Listening on Socket activation for snappy daemon.
[[0;32m  OK  [0m] Listening on LXD - unix socket.
[[0;32m  OK  [0m] Started iSCSI initiator daemon (iscsid).
         Starting Login to default iSCSI targets...
[[0;32m  OK  [0m] Reached target Sockets.
[[0;32m  OK  [0m] Reached target Basic System.
         Starting LSB: MD monitoring daemon...
         Starting System Logging Service...
[[0;32m  OK  [0m] Started D-Bus System Message Bus.
[[0;32m  OK  [0m] Started ACPI event daemon.
         Starting Apply the settings specified in cloud-config...
[[0;32m  OK  [0m] Started Deferred execution scheduler.
         Starting Snappy daemon...
[[0;32m  OK  [0m] Started Unattended Upgrades Shutdown.
[[0;32m  OK  [0m] Started Regular background program processing daemon.
[[0;32m  OK  [0m] Started FUSE filesystem for LXC.
         Starting LSB: Record successful boot for GRUB...
         Starting Login Service...
         Starting Accounts Service...
         Starting /etc/rc.local Compatibility...
         Starting LXD - container startup/shutdown...
         Starting Virtualbox guest utils...
         Starting OpenBSD Secure Shell server...
         Starting Docker Application Container Engine...
[[0;32m  OK  [0m] Started System Logging Service.
[[0;32m  OK  [0m] Started /etc/rc.local Compatibility.
[[0;32m  OK  [0m] Started Login to default iSCSI targets.
[[0;32m  OK  [0m] Started LSB: MD monitoring daemon.
[[0;32m  OK  [0m] Started OpenBSD Secure Shell server.
[[0;32m  OK  [0m] Started Login Service.
         Starting Authenticate and Authorize Users to Run Privileged Tasks...
[[0;32m  OK  [0m] Reached target Remote File Systems (Pre).
[[0;32m  OK  [0m] Reached target Remote File Systems.
         Starting Permit User Sessions...
         Starting LSB: automatic crash report generation...
         Starting LSB: daemon to balance interrupts for SMP systems...
         Starting LSB: Set the CPU Frequency Scaling governor to "ondemand"...
[[0;32m  OK  [0m] Started Permit User Sessions.
         Starting Terminate Plymouth Boot Screen...
         Starting Hold until boot process finishes up...
[[0;32m  OK  [0m] Started Hold until boot process finishes up.
[[0;32m  OK  [0m] Started Terminate Plymouth Boot Screen.
[[0;32m  OK  [0m] Started LSB: Record successful boot for GRUB.
[[0;32m  OK  [0m] Started Serial Getty on ttyS0.
         Starting Set console scheme...
[[0;32m  OK  [0m] Started Getty on tty1.
[[0;32m  OK  [0m] Reached target Login Prompts.
[[0;32m  OK  [0m] Started LSB: Set the CPU Frequency Scaling governor to "ondemand".
[[0;32m  OK  [0m] Started Set console scheme.
[[0;32m  OK  [0m] Started LXD - container startup/shutdown.
[[0;32m  OK  [0m] Started Authenticate and Authorize Users to Run Privileged Tasks.
[[0;32m  OK  [0m] Started LSB: daemon to balance interrupts for SMP systems.
[[0;32m  OK  [0m] Started Accounts Service.
[[0;32m  OK  [0m] Started Snappy daemon.
[[0;32m  OK  [0m] Started LSB: automatic crash report generation.
[[0;32m  OK  [0m] Started Virtualbox guest utils.
[[0;32m  OK  [0m] Created slice User Slice of vagrant.
         Starting User Manager for UID 1000...
[[0;32m  OK  [0m] Started Session 1 of user vagrant.
[[0;32m  OK  [0m] Started User Manager for UID 1000.
[   13.077296] cloud-init[1135]: Cloud-init v. 18.2 running 'modules:config' at Fri, 18 May 2018 08:01:14 +0000. Up 12.64 seconds.
[[0;32m  OK  [0m] Started Docker Application Container Engine.
[[0;32m  OK  [0m] Reached target Multi-User System.
[[0;32m  OK  [0m] Reached target Graphical Interface.
         Starting Update UTMP about System Runlevel Changes...
[[0;32m  OK  [0m] Started Update UTMP about System Runlevel Changes.
[[0;32m  OK  [0m] Started Apply the settings specified in cloud-config.
         Starting Execute cloud user/final scripts...
[   13.663243] cloud-init[1527]: Cloud-init v. 18.2 running 'modules:final' at Fri, 18 May 2018 08:01:15 +0000. Up 13.53 seconds.
[   13.672532] cloud-init[1527]: Cloud-init v. 18.2 finished at Fri, 18 May 2018 08:01:15 +0000. Datasource DataSourceNoCloud [seed=/dev/sdb][dsmode=net].  Up 13.65 seconds
[[0;32m  OK  [0m] Started Execute cloud user/final scripts.
[[0;32m  OK  [0m] Reached target Cloud-init target.

Ubuntu 16.04.4 LTS ubuntu-xenial ttyS0

ubuntu-xenial login: [[0;32m  OK  [0m] Stopped target Timers.
[[0;32m  OK  [0m] Stopped Daily apt upgrade and clean activities.
[[0;32m  OK  [0m] Stopped target Cloud-init target.
[[0;32m          Stopping D-Bus System Message Bus...
         Stopping LXD - container startup/shutdown...
         Stopping Unattended Upgrades Shutdown...
         Stopping LSB: Set the CPU Frequency Scaling governor to "ondemand"...
[[0;32m  OK  [0m] Closed Load/Save RF Kill Switch Status /dev/rfkill Watch.
         Stopping LSB: automatic crash report generation...
         Stopping Accounts Service...
         Stopping OpenBSD Secure Shell server...
         Stopping LSB: daemon to balance interrupts for SMP systems...
         Stopping User Manager for UID 1000...
[[0;32m  OK  [0m] Stopped Daily apt download activities.
[[0;32m  OK  [0m] Stopped target System Time Synchronized.
[[0;32m  OK  [0m] Unmounted /var/lib/lxcfs.
[[0;32m  OK  [0m] Stopped System Logging Service.
[[0;32m  OK  [0m] Stopped ACPI event daemon.
[[0;32m  OK  [0m] Stopped Deferred execution scheduler.
[[0;32m  OK  [0m] Stopped Snappy daemon.
[[0;32m  OK  [0m] Stopped Regular background program processing daemon.
[[0;32m  OK  [0m] Stopped Accounts Service.
[[0;32m  OK  [0m] Stopped OpenBSD Secure Shell server.
[[0;32m  OK  [0m] Stopped Authenticate and Authorize Users to Run Privileged Tasks.
[[0;32m  OK  [0m] Stopped Serial Getty on ttyS0.
[[0;32m  OK  [0m] Stopped Getty on tty1.
[[0;32m  OK  [0m] Stopped User Manager for UID 1000.
[[0;32m  OK  [0m] Stopped Session 3 of user vagrant.
[[0;32m  OK  [0m] Stopped D-Bus System Message Bus.
[[0;32m  OK  [0m] Stopped Unattended Upgrades Shutdown.
[[0;32m  OK  [0m] Stopped FUSE filesystem for LXC.
[[0;32m  OK  [0m] Stopped LSB: MD monitoring daemon.
[[0;32m  OK  [0m] Stopped Virtualbox guest utils.
[[0;32m  OK  [0m] Stopped LSB: Record successful boot for GRUB.
[[0;32m  OK  [0m] Stopped LXD - container startup/shutdown.
[[0;32m  OK  [0m] Stopped LSB: automatic crash report generation.
[[0;32m  OK  [0m] Stopped LSB: Set the CPU Frequency Scaling governor to "ondemand".
[[0;32m  OK  [0m] Stopped LSB: daemon to balance interrupts for SMP systems.
[[0;32m  OK  [0m] Removed slice User Slice of vagrant.
         Stopping Login Service...
[[0;32m  OK  [0m] Removed slice system-getty.slice.
         Stopping Permit User Sessions...
[[0;32m  OK  [0m] Stopped /etc/rc.local Compatibility.
[[0;32m  OK  [0m] Removed slice system-serial\x2dgetty.slice.
[[0;32m  OK  [0m] Stopped Login Service.
[[0;32m  OK  [0m] Stopped Docker Application Container Engine.
[[0;32m  OK  [0m] Stopped Permit User Sessions.
[[0;32m  OK  [0m] Stopped target Remote File Systems.
[[0;32m  OK  [0m] Stopped target Remote File Systems (Pre).
         Stopping Login to default iSCSI targets...
[[0;32m  OK  [0m] Stopped target User and Group Name Lookups.
[[0;32m  OK  [0m] Stopped target Basic System.
[[0;32m  OK  [0m] Stopped target Slices.
[[0;32m  OK  [0m] Removed slice User and Session Slice.
[[0;32m  OK  [0m] Stopped target Sockets.
[[0;32m  OK  [0m] Closed UUID daemon activation socket.
[[0;32m  OK  [0m] Closed Socket activation for snappy daemon.
[[0;32m  OK  [0m] Closed D-Bus System Message Bus Socket.
[[0;32m  OK  [0m] Closed Syslog Socket.
[[0;32m  OK  [0m] Closed LXD - unix socket.
[[0;32m  OK  [0m] Closed Docker Socket for the API.
[[0;32m  OK  [0m] Closed ACPID Listen Socket.
[[0;32m  OK  [0m] Stopped target Paths.
[[0;32m  OK  [0m] Stopped Forward Password Requests to Wall Directory Watch.
[[0;32m  OK  [0m] Stopped Dispatch Password Requests to Console Directory Watch.
[[0;32m  OK  [0m] Stopped ACPI Events Check.
[[0;32m  OK  [0m] Stopped target System Initialization.
[[0;32m  OK  [0m] Stopped target Encrypted Volumes.
         Stopping Update UTMP about System Boot/Shutdown...
         Stopping Load/Save Random Seed...
[[0;32m  OK  [0m] Stopped target Swap.
[[0;32m  OK  [0m] Stopped Load/Save Random Seed.
[[0;32m  OK  [0m] Stopped Login to default iSCSI targets.
[[0;32m  OK  [0m] Stopped Update UTMP about System Boot/Shutdown.
[[0;32m  OK  [0m] Stopped Create Volatile Files and Directories.
         Stopping iSCSI initiator daemon (iscsid)...
[[0;32m  OK  [0m] Stopped iSCSI initiator daemon (iscsid).
[[0;32m  OK  [0m] Stopped target Network is Online.
[[0;32m  OK  [0m] Stopped Initial cloud-init job (metadata service crawler).
[[0;32m  OK  [0m] Stopped target Network.
         Stopping Raise network interfaces...
[[0;32m  OK  [0m] Stopped Raise network interfaces.
[[0;32m  OK  [0m] Stopped Apply Kernel Variables.
[[0;32m  OK  [0m] Stopped target Local File Systems.
         Unmounting /vagrant...
         Unmounting /run/user/1000...
[[0;32m  OK  [0m] Stopped target Network (Pre).
[[0;32m  OK  [0m] Stopped Initial cloud-init job (pre-networking).
[[0;32m  OK  [0m] Stopped Load Kernel Modules.
[[0;32m  OK  [0m] Unmounted /vagrant.
[[0;32m  OK  [0m] Unmounted /run/user/1000.
[[0;32m  OK  [0m] Reached target Unmount All Filesystems.
[[0;32m  OK  [0m] Stopped target Local File Systems (Pre).
[[0;32m  OK  [0m] Stopped Remount Root and Kernel File Systems.
[[0;32m  OK  [0m] Stopped Create Static Device Nodes in /dev.
[[0;32m  OK  [0m] Reached target Shutdown.
[  102.840598] reboot: Power down
